<?xml version="1.0" encoding="UTF-8"?>
<!-- Generated by org.testng.reporters.JUnitXMLReporter -->
<testsuite ignored="0" hostname="Aaradhya" failures="1" tests="7" name="Test" time="67.541" errors="0" timestamp="2025-06-30T00:36:45 IST">
  <testcase classname="TestClases.RegistrationTest" name="testRegistration" time="3.363"/>
  <testcase classname="TestClases.LoginTest" name="testValidLogin" time="1.562"/>
  <testcase classname="TestClases.LoginDDTtest" name="loginDDTest" time="2.299"/>
  <testcase classname="TestClases.LoginDDTtest" name="loginDDTest" time="10.98">
    <failure type="java.lang.AssertionError" message="expected [true] but found [false]">
      <![CDATA[java.lang.AssertionError: expected [true] but found [false]
at TestClases.LoginDDTtest.loginDDTest(LoginDDTtest.java:38)
at java.base/java.util.ArrayList.forEach(ArrayList.java:1604)
... Removed 29 stack frames]]>
    </failure>
  </testcase> <!-- loginDDTest -->
  <testcase classname="TestClases.LoginDDTtest" name="loginDDTest" time="10.939"/>
  <testcase classname="TestClases.LoginDDTtest" name="loginDDTest" time="10.869"/>
  <testcase classname="TestClases.LoginDDTtest" name="loginDDTest" time="10.956"/>
</testsuite> <!-- Test -->
