<?xml version="1.0" encoding="UTF-8"?>
<!-- Generated by org.testng.reporters.JUnitXMLReporter -->
<testsuite ignored="0" hostname="Aaradhya" failures="1" tests="7" name="Test" time="64.345" errors="0" timestamp="2025-07-04T23:21:49 IST">
  <testcase classname="TestClases.RegistrationTest" name="testRegistration" time="2.261"/>
  <testcase classname="TestClases.LoginTest" name="testValidLogin" time="1.272"/>
  <testcase classname="TestClases.LoginDDTtest" name="loginDDTest" time="2.626"/>
  <testcase classname="TestClases.LoginDDTtest" name="loginDDTest" time="10.195">
    <failure type="java.lang.AssertionError" message="expected [true] but found [false]">
      <![CDATA[java.lang.AssertionError: expected [true] but found [false]
at TestClases.LoginDDTtest.loginDDTest(LoginDDTtest.java:38)
at java.base/java.util.ArrayList.forEach(ArrayList.java:1604)
... Removed 29 stack frames]]>
    </failure>
  </testcase> <!-- loginDDTest -->
  <testcase classname="TestClases.LoginDDTtest" name="loginDDTest" time="10.947"/>
  <testcase classname="TestClases.LoginDDTtest" name="loginDDTest" time="10.222"/>
  <testcase classname="TestClases.LoginDDTtest" name="loginDDTest" time="12.25"/>
</testsuite> <!-- Test -->
