<?xml version="1.0" encoding="UTF-8"?>
<testng-results ignored="0" total="2" passed="2" failed="0" skipped="0">
  <reporter-output>
  </reporter-output>
  <suite started-at="2025-07-06T07:21:03 IST" name="Master Suite" finished-at="2025-07-06T07:21:25 IST" duration-ms="21486">
    <groups>
      <group name="Master">
        <method signature="LoginTest.testValidLogin()[pri:0, instance:TestClases.LoginTest@79e2c065]" name="testValidLogin" class="TestClases.LoginTest"/>
        <method signature="RegistrationTest.testRegistration()[pri:0, instance:TestClases.RegistrationTest@49ec71f8]" name="testRegistration" class="TestClases.RegistrationTest"/>
      </group> <!-- Master -->
      <group name="Regression">
        <method signature="LoginTest.testValidLogin()[pri:0, instance:TestClases.LoginTest@79e2c065]" name="testValidLogin" class="TestClases.LoginTest"/>
        <method signature="RegistrationTest.testRegistration()[pri:0, instance:TestClases.RegistrationTest@49ec71f8]" name="testRegistration" class="TestClases.RegistrationTest"/>
      </group> <!-- Regression -->
      <group name="Smoke">
        <method signature="LoginTest.testValidLogin()[pri:0, instance:TestClases.LoginTest@79e2c065]" name="testValidLogin" class="TestClases.LoginTest"/>
        <method signature="RegistrationTest.testRegistration()[pri:0, instance:TestClases.RegistrationTest@49ec71f8]" name="testRegistration" class="TestClases.RegistrationTest"/>
      </group> <!-- Smoke -->
    </groups>
    <test started-at="2025-07-06T07:21:03 IST" name="Test" finished-at="2025-07-06T07:21:25 IST" duration-ms="21486">
      <class name="TestClases.RegistrationTest">
        <test-method is-config="true" signature="setup(java.lang.String,java.lang.String)[pri:0, instance:TestClases.RegistrationTest@49ec71f8]" started-at="2025-07-06T07:21:16 IST" name="setup" finished-at="2025-07-06T07:21:20 IST" duration-ms="4390" status="PASS">
          <params>
            <param index="0">
              <value>
                <![CDATA[chrome]]>
              </value>
            </param>
            <param index="1">
              <value>
                <![CDATA[windows]]>
              </value>
            </param>
          </params>
          <reporter-output>
          </reporter-output>
        </test-method> <!-- setup -->
        <test-method signature="testRegistration()[pri:0, instance:TestClases.RegistrationTest@49ec71f8]" started-at="2025-07-06T07:21:20 IST" name="testRegistration" finished-at="2025-07-06T07:21:24 IST" duration-ms="4030" status="PASS">
          <reporter-output>
          </reporter-output>
        </test-method> <!-- testRegistration -->
        <test-method is-config="true" signature="TearDown()[pri:0, instance:TestClases.RegistrationTest@49ec71f8]" started-at="2025-07-06T07:21:24 IST" name="TearDown" finished-at="2025-07-06T07:21:25 IST" duration-ms="337" status="PASS">
          <reporter-output>
          </reporter-output>
        </test-method> <!-- TearDown -->
      </class> <!-- TestClases.RegistrationTest -->
      <class name="TestClases.LoginTest">
        <test-method is-config="true" signature="setup(java.lang.String,java.lang.String)[pri:0, instance:TestClases.LoginTest@79e2c065]" started-at="2025-07-06T07:21:03 IST" name="setup" finished-at="2025-07-06T07:21:12 IST" duration-ms="8306" status="PASS">
          <params>
            <param index="0">
              <value>
                <![CDATA[chrome]]>
              </value>
            </param>
            <param index="1">
              <value>
                <![CDATA[windows]]>
              </value>
            </param>
          </params>
          <reporter-output>
          </reporter-output>
        </test-method> <!-- setup -->
        <test-method signature="testValidLogin()[pri:0, instance:TestClases.LoginTest@79e2c065]" started-at="2025-07-06T07:21:12 IST" name="testValidLogin" finished-at="2025-07-06T07:21:15 IST" duration-ms="3616" status="PASS">
          <reporter-output>
          </reporter-output>
        </test-method> <!-- testValidLogin -->
        <test-method is-config="true" signature="TearDown()[pri:0, instance:TestClases.LoginTest@79e2c065]" started-at="2025-07-06T07:21:15 IST" name="TearDown" finished-at="2025-07-06T07:21:16 IST" duration-ms="358" status="PASS">
          <reporter-output>
          </reporter-output>
        </test-method> <!-- TearDown -->
      </class> <!-- TestClases.LoginTest -->
    </test> <!-- Test -->
  </suite> <!-- Master Suite -->
</testng-results>
